\BOOKMARK [0][-]{chapter*.6}{List of Figures}{}% 1
\BOOKMARK [0][-]{chapter*.7}{List of Abbreviations}{}% 2
\BOOKMARK [0][-]{chapter.1}{Introduction}{}% 3
\BOOKMARK [1][-]{section.1.1}{Overview of the System}{chapter.1}% 4
\BOOKMARK [1][-]{section.1.2}{Motivation}{chapter.1}% 5
\BOOKMARK [1][-]{section.1.3}{Thesis Structure}{chapter.1}% 6
\BOOKMARK [0][-]{chapter.2}{Background}{}% 7
\BOOKMARK [1][-]{section.2.1}{Review of Literature}{chapter.2}% 8
\BOOKMARK [2][-]{subsection.2.1.1}{Markov Chain Text Generation}{section.2.1}% 9
\BOOKMARK [2][-]{subsection.2.1.2}{Document Summation}{section.2.1}% 10
\BOOKMARK [2][-]{subsection.2.1.3}{Part of Speech Tagging}{section.2.1}% 11
\BOOKMARK [2][-]{subsection.2.1.4}{Wordnet}{section.2.1}% 12
\BOOKMARK [2][-]{subsection.2.1.5}{Sentiment Analysis}{section.2.1}% 13
\BOOKMARK [2][-]{subsection.2.1.6}{Building NLG Systems}{section.2.1}% 14
\BOOKMARK [1][-]{section.2.2}{Related Existing Projects}{chapter.2}% 15
\BOOKMARK [2][-]{subsection.2.2.1}{NLTK}{section.2.2}% 16
\BOOKMARK [2][-]{subsection.2.2.2}{Mark V Shaney}{section.2.2}% 17
\BOOKMARK [2][-]{subsection.2.2.3}{Twitter Bots}{section.2.2}% 18
\BOOKMARK [2][-]{subsection.2.2.4}{Parody Generators}{section.2.2}% 19
\BOOKMARK [2][-]{subsection.2.2.5}{NLG Systems}{section.2.2}% 20
\BOOKMARK [0][-]{chapter.3}{ Design and Implementation}{}% 21
\BOOKMARK [1][-]{section.3.1}{Aims and Objectives}{chapter.3}% 22
\BOOKMARK [2][-]{subsection.3.1.1}{Aims}{section.3.1}% 23
\BOOKMARK [2][-]{subsection.3.1.2}{Objectives}{section.3.1}% 24
\BOOKMARK [1][-]{section.3.2}{The Structure and Content of a Movie Review}{chapter.3}% 25
\BOOKMARK [1][-]{section.3.3}{Planned Order of System Development}{chapter.3}% 26
\BOOKMARK [1][-]{section.3.4}{Markov Chain for Text Generation}{chapter.3}% 27
\BOOKMARK [1][-]{section.3.5}{Template-Based System for Text Generation}{chapter.3}% 28
\BOOKMARK [1][-]{section.3.6}{NLG System}{chapter.3}% 29
\BOOKMARK [1][-]{section.3.7}{Twitter Bot}{chapter.3}% 30
\BOOKMARK [1][-]{section.3.8}{Blog Website}{chapter.3}% 31
\BOOKMARK [0][-]{chapter.4}{ Testing}{}% 32
\BOOKMARK [1][-]{section.4.1}{Introduction}{chapter.4}% 33
\BOOKMARK [1][-]{section.4.2}{Movie Review Generation}{chapter.4}% 34
\BOOKMARK [2][-]{subsection.4.2.1}{Testing of Review Generation}{section.4.2}% 35
\BOOKMARK [2][-]{subsection.4.2.2}{Changes Made}{section.4.2}% 36
\BOOKMARK [1][-]{section.4.3}{Blog Website}{chapter.4}% 37
\BOOKMARK [2][-]{subsection.4.3.1}{Testing of Blog Website}{section.4.3}% 38
\BOOKMARK [2][-]{subsection.4.3.2}{Testing of Turing-Like Test Website}{section.4.3}% 39
\BOOKMARK [2][-]{subsection.4.3.3}{Changes Made}{section.4.3}% 40
\BOOKMARK [1][-]{section.4.4}{Twitter Bot}{chapter.4}% 41
\BOOKMARK [2][-]{subsection.4.4.1}{Testing of Twitter Bot}{section.4.4}% 42
\BOOKMARK [2][-]{subsection.4.4.2}{Changes Made}{section.4.4}% 43
\BOOKMARK [0][-]{chapter.5}{ Evaluation}{}% 44
\BOOKMARK [1][-]{section.5.1}{Introduction}{chapter.5}% 45
\BOOKMARK [1][-]{section.5.2}{Markov Chain text generation}{chapter.5}% 46
\BOOKMARK [1][-]{section.5.3}{Engagement With Twitter Bot}{chapter.5}% 47
\BOOKMARK [2][-]{subsection.5.3.1}{Results}{section.5.3}% 48
\BOOKMARK [2][-]{subsection.5.3.2}{Observations}{section.5.3}% 49
\BOOKMARK [1][-]{section.5.4}{Comments and Interaction with Blog Website}{chapter.5}% 50
\BOOKMARK [2][-]{subsection.5.4.1}{Results}{section.5.4}% 51
\BOOKMARK [2][-]{subsection.5.4.2}{Observations}{section.5.4}% 52
\BOOKMARK [1][-]{section.5.5}{Turing Test Scenario}{chapter.5}% 53
\BOOKMARK [2][-]{subsection.5.5.1}{Results}{section.5.5}% 54
\BOOKMARK [2][-]{subsection.5.5.2}{Observations}{section.5.5}% 55
\BOOKMARK [0][-]{chapter.6}{ Conclusion and Future Work}{}% 56
\BOOKMARK [1][-]{section.6.1}{Review of Aims and Objectives}{chapter.6}% 57
\BOOKMARK [2][-]{subsection.6.1.1}{Aims}{section.6.1}% 58
\BOOKMARK [2][-]{subsection.6.1.2}{Objectives}{section.6.1}% 59
\BOOKMARK [1][-]{section.6.2}{Lessons Learned}{chapter.6}% 60
\BOOKMARK [1][-]{section.6.3}{Future Work}{chapter.6}% 61
\BOOKMARK [2][-]{subsection.6.3.1}{Improvements to current work}{section.6.3}% 62
\BOOKMARK [1][-]{section.6.4}{The Future of Generative Film Reviews}{chapter.6}% 63
\BOOKMARK [1][-]{section.Alph0.1}{Design Documents}{chapter.6}% 64
\BOOKMARK [1][-]{section.Alph0.2}{Testing Results}{chapter.6}% 65
\BOOKMARK [1][-]{section.Alph0.3}{Evaluation Data}{chapter.6}% 66
\BOOKMARK [2][-]{subsection.Alph0.3.1}{Twitter Analytics Data}{section.Alph0.3}% 67
\BOOKMARK [2][-]{subsection.Alph0.3.2}{Google Analytics Data}{section.Alph0.3}% 68
\BOOKMARK [2][-]{subsection.Alph0.3.3}{Turing-Like Test Results}{section.Alph0.3}% 69
\BOOKMARK [1][-]{section.Alph0.4}{Preliminary Project Report}{chapter.6}% 70
\BOOKMARK [1][-]{section.Alph0.5}{Project Logs}{chapter.6}% 71
\BOOKMARK [1][-]{section.Alph0.6}{Program Code}{chapter.6}% 72
\BOOKMARK [2][-]{subsection.Alph0.6.1}{Python}{section.Alph0.6}% 73
\BOOKMARK [2][-]{subsection.Alph0.6.2}{PHP}{section.Alph0.6}% 74
\BOOKMARK [2][-]{subsection.Alph0.6.3}{mySQL}{section.Alph0.6}% 75
